<?xml version="1.0" encoding="UTF-8"?>
<testsuite name="TestSuite" time="399.796" tests="1" errors="0" skipped="0" failures="0">
  <properties>
    <property name="java.runtime.name" value="OpenJDK Runtime Environment"/>
    <property name="sun.boot.library.path" value="/usr/lib/jvm/java-8-openjdk-i386/jre/lib/i386"/>
    <property name="java.vm.version" value="25.162-b12"/>
    <property name="java.vm.vendor" value="Oracle Corporation"/>
    <property name="maven.multiModuleProjectDirectory" value="/home/giri/Integration/Mydreamstore"/>
    <property name="java.vendor.url" value="http://java.oracle.com/"/>
    <property name="path.separator" value=":"/>
    <property name="guice.disable.misplaced.annotation.check" value="true"/>
    <property name="java.vm.name" value="OpenJDK Server VM"/>
    <property name="file.encoding.pkg" value="sun.io"/>
    <property name="user.country" value="IN"/>
    <property name="sun.java.launcher" value="SUN_STANDARD"/>
    <property name="sun.os.patch.level" value="unknown"/>
    <property name="java.vm.specification.name" value="Java Virtual Machine Specification"/>
    <property name="user.dir" value="/home/giri/Integration/Mydreamstore"/>
    <property name="java.runtime.version" value="1.8.0_162-8u162-b12-0ubuntu0.16.04.2-b12"/>
    <property name="java.awt.graphicsenv" value="sun.awt.X11GraphicsEnvironment"/>
    <property name="basedir" value="/home/giri/Integration/Mydreamstore"/>
    <property name="java.endorsed.dirs" value="/usr/lib/jvm/java-8-openjdk-i386/jre/lib/endorsed"/>
    <property name="os.arch" value="i386"/>
    <property name="java.io.tmpdir" value="/tmp"/>
    <property name="line.separator" value="&#10;"/>
    <property name="java.vm.specification.vendor" value="Oracle Corporation"/>
    <property name="os.name" value="Linux"/>
    <property name="classworlds.conf" value="/home/giri/Testing/.metadata/.plugins/org.eclipse.m2e.launching/launches/m2conf8436221741016556502.tmp"/>
    <property name="sun.jnu.encoding" value="UTF-8"/>
    <property name="java.library.path" value="/usr/lib/jvm/java-8-openjdk-i386/jre/lib/i386/server:/usr/lib/jvm/java-8-openjdk-i386/jre/lib/i386::/usr/java/packages/lib/i386:/usr/lib/i386-linux-gnu/jni:/lib/i386-linux-gnu:/usr/lib/i386-linux-gnu:/usr/lib/jni:/lib:/usr/lib"/>
    <property name="surefire.test.class.path" value="/home/giri/Integration/Mydreamstore/target/test-classes:/home/giri/Integration/Mydreamstore/target/classes:/home/giri/.m2/repository/org/seleniumhq/selenium/selenium-server/2.53.1/selenium-server-2.53.1.jar:/home/giri/.m2/repository/com/beust/jcommander/1.48/jcommander-1.48.jar:/home/giri/.m2/repository/org/bouncycastle/bcprov-jdk15on/1.48/bcprov-jdk15on-1.48.jar:/home/giri/.m2/repository/org/bouncycastle/bcpkix-jdk15on/1.48/bcpkix-jdk15on-1.48.jar:/home/giri/.m2/repository/mx4j/mx4j-tools/3.0.1/mx4j-tools-3.0.1.jar:/home/giri/.m2/repository/org/seleniumhq/selenium/jetty-repacked/9.2.13.v20150730/jetty-repacked-9.2.13.v20150730.jar:/home/giri/.m2/repository/javax/servlet/javax.servlet-api/3.1.0/javax.servlet-api-3.1.0.jar:/home/giri/.m2/repository/org/seleniumhq/selenium/jetty-rc-repacked/5/jetty-rc-repacked-5.jar:/home/giri/.m2/repository/net/jcip/jcip-annotations/1.0/jcip-annotations-1.0.jar:/home/giri/.m2/repository/org/seleniumhq/selenium/selenium-java/2.53.1/selenium-java-2.53.1.jar:/home/giri/.m2/repository/org/seleniumhq/selenium/selenium-chrome-driver/2.53.1/selenium-chrome-driver-2.53.1.jar:/home/giri/.m2/repository/org/seleniumhq/selenium/selenium-remote-driver/2.53.1/selenium-remote-driver-2.53.1.jar:/home/giri/.m2/repository/cglib/cglib-nodep/2.1_3/cglib-nodep-2.1_3.jar:/home/giri/.m2/repository/com/google/code/gson/gson/2.3.1/gson-2.3.1.jar:/home/giri/.m2/repository/org/seleniumhq/selenium/selenium-api/2.53.1/selenium-api-2.53.1.jar:/home/giri/.m2/repository/com/google/guava/guava/19.0/guava-19.0.jar:/home/giri/.m2/repository/org/seleniumhq/selenium/selenium-edge-driver/2.53.1/selenium-edge-driver-2.53.1.jar:/home/giri/.m2/repository/commons-io/commons-io/2.4/commons-io-2.4.jar:/home/giri/.m2/repository/org/apache/commons/commons-exec/1.3/commons-exec-1.3.jar:/home/giri/.m2/repository/org/seleniumhq/selenium/htmlunit-driver/2.21/htmlunit-driver-2.21.jar:/home/giri/.m2/repository/net/sourceforge/htmlunit/htmlunit/2.21/htmlunit-2.21.jar:/home/giri/.m2/repository/xalan/xalan/2.7.2/xalan-2.7.2.jar:/home/giri/.m2/repository/xalan/serializer/2.7.2/serializer-2.7.2.jar:/home/giri/.m2/repository/org/apache/commons/commons-lang3/3.4/commons-lang3-3.4.jar:/home/giri/.m2/repository/net/sourceforge/htmlunit/htmlunit-core-js/2.17/htmlunit-core-js-2.17.jar:/home/giri/.m2/repository/net/sourceforge/htmlunit/neko-htmlunit/2.21/neko-htmlunit-2.21.jar:/home/giri/.m2/repository/xerces/xercesImpl/2.11.0/xercesImpl-2.11.0.jar:/home/giri/.m2/repository/xml-apis/xml-apis/1.4.01/xml-apis-1.4.01.jar:/home/giri/.m2/repository/net/sourceforge/cssparser/cssparser/0.9.18/cssparser-0.9.18.jar:/home/giri/.m2/repository/org/w3c/css/sac/1.3/sac-1.3.jar:/home/giri/.m2/repository/org/eclipse/jetty/websocket/websocket-client/9.2.15.v20160210/websocket-client-9.2.15.v20160210.jar:/home/giri/.m2/repository/org/eclipse/jetty/jetty-util/9.2.15.v20160210/jetty-util-9.2.15.v20160210.jar:/home/giri/.m2/repository/org/eclipse/jetty/jetty-io/9.2.15.v20160210/jetty-io-9.2.15.v20160210.jar:/home/giri/.m2/repository/org/eclipse/jetty/websocket/websocket-common/9.2.15.v20160210/websocket-common-9.2.15.v20160210.jar:/home/giri/.m2/repository/org/eclipse/jetty/websocket/websocket-api/9.2.15.v20160210/websocket-api-9.2.15.v20160210.jar:/home/giri/.m2/repository/commons-collections/commons-collections/3.2.2/commons-collections-3.2.2.jar:/home/giri/.m2/repository/org/seleniumhq/selenium/selenium-firefox-driver/2.53.1/selenium-firefox-driver-2.53.1.jar:/home/giri/.m2/repository/org/seleniumhq/selenium/selenium-ie-driver/2.53.1/selenium-ie-driver-2.53.1.jar:/home/giri/.m2/repository/net/java/dev/jna/jna/4.1.0/jna-4.1.0.jar:/home/giri/.m2/repository/net/java/dev/jna/jna-platform/4.1.0/jna-platform-4.1.0.jar:/home/giri/.m2/repository/org/seleniumhq/selenium/selenium-safari-driver/2.53.1/selenium-safari-driver-2.53.1.jar:/home/giri/.m2/repository/io/netty/netty/3.5.7.Final/netty-3.5.7.Final.jar:/home/giri/.m2/repository/org/seleniumhq/selenium/selenium-support/2.53.1/selenium-support-2.53.1.jar:/home/giri/.m2/repository/org/seleniumhq/selenium/selenium-leg-rc/2.53.1/selenium-leg-rc-2.53.1.jar:/home/giri/.m2/repository/org/yaml/snakeyaml/1.8/snakeyaml-1.8.jar:/home/giri/.m2/repository/commons-codec/commons-codec/1.10/commons-codec-1.10.jar:/home/giri/.m2/repository/org/testng/testng/6.9.9/testng-6.9.9.jar:/home/giri/.m2/repository/junit/junit/4.10/junit-4.10.jar:/home/giri/.m2/repository/org/hamcrest/hamcrest-core/1.1/hamcrest-core-1.1.jar:/home/giri/.m2/repository/org/apache/ant/ant/1.7.0/ant-1.7.0.jar:/home/giri/.m2/repository/org/apache/ant/ant-launcher/1.7.0/ant-launcher-1.7.0.jar:/home/giri/.m2/repository/org/beanshell/bsh/2.0b4/bsh-2.0b4.jar:/home/giri/.m2/repository/com/aventstack/extentreports/3.0.0/extentreports-3.0.0.jar:/home/giri/.m2/repository/org/mongodb/mongodb-driver/3.3.0/mongodb-driver-3.3.0.jar:/home/giri/.m2/repository/org/mongodb/mongodb-driver-core/3.3.0/mongodb-driver-core-3.3.0.jar:/home/giri/.m2/repository/org/apache/httpcomponents/httpclient/4.5.2/httpclient-4.5.2.jar:/home/giri/.m2/repository/org/apache/httpcomponents/httpcore/4.4.4/httpcore-4.4.4.jar:/home/giri/.m2/repository/commons-logging/commons-logging/1.2/commons-logging-1.2.jar:/home/giri/.m2/repository/org/apache/httpcomponents/httpmime/4.5.2/httpmime-4.5.2.jar:/home/giri/.m2/repository/org/mongodb/bson/2.3/bson-2.3.jar:/home/giri/.m2/repository/org/freemarker/freemarker/2.3.23/freemarker-2.3.23.jar:/home/giri/.m2/repository/net/sourceforge/jexcelapi/jxl/2.6/jxl-2.6.jar:/home/giri/.m2/repository/org/apache/poi/poi/3.15/poi-3.15.jar:/home/giri/.m2/repository/org/apache/commons/commons-collections4/4.1/commons-collections4-4.1.jar:/home/giri/.m2/repository/org/apache/maven/surefire/surefire-testng-utils/2.18.1/surefire-testng-utils-2.18.1.jar:/home/giri/.m2/repository/org/apache/maven/surefire/surefire-grouper/2.18.1/surefire-grouper-2.18.1.jar:"/>
    <property name="java.specification.name" value="Java Platform API Specification"/>
    <property name="java.class.version" value="52.0"/>
    <property name="sun.management.compiler" value="HotSpot Tiered Compilers"/>
    <property name="os.version" value="4.13.0-38-generic"/>
    <property name="user.home" value="/home/giri"/>
    <property name="user.timezone" value="Asia/Kolkata"/>
    <property name="java.awt.printerjob" value="sun.print.PSPrinterJob"/>
    <property name="java.specification.version" value="1.8"/>
    <property name="file.encoding" value="UTF-8"/>
    <property name="user.name" value="giri"/>
    <property name="java.class.path" value="/home/giri/.p2/pool/plugins/org.eclipse.m2e.maven.runtime_1.8.3.20180227-2135/jars/plexus-classworlds-2.5.2.jar"/>
    <property name="java.vm.specification.version" value="1.8"/>
    <property name="sun.arch.data.model" value="32"/>
    <property name="java.home" value="/usr/lib/jvm/java-8-openjdk-i386/jre"/>
    <property name="sun.java.command" value="org.codehaus.plexus.classworlds.launcher.Launcher -B test"/>
    <property name="java.specification.vendor" value="Oracle Corporation"/>
    <property name="user.language" value="en"/>
    <property name="awt.toolkit" value="sun.awt.X11.XToolkit"/>
    <property name="java.vm.info" value="mixed mode"/>
    <property name="java.version" value="1.8.0_162"/>
    <property name="java.ext.dirs" value="/usr/lib/jvm/java-8-openjdk-i386/jre/lib/ext:/usr/java/packages/lib/ext"/>
    <property name="securerandom.source" value="file:/dev/./urandom"/>
    <property name="sun.boot.class.path" value="/usr/lib/jvm/java-8-openjdk-i386/jre/lib/resources.jar:/usr/lib/jvm/java-8-openjdk-i386/jre/lib/rt.jar:/usr/lib/jvm/java-8-openjdk-i386/jre/lib/sunrsasign.jar:/usr/lib/jvm/java-8-openjdk-i386/jre/lib/jsse.jar:/usr/lib/jvm/java-8-openjdk-i386/jre/lib/jce.jar:/usr/lib/jvm/java-8-openjdk-i386/jre/lib/charsets.jar:/usr/lib/jvm/java-8-openjdk-i386/jre/lib/jfr.jar:/usr/lib/jvm/java-8-openjdk-i386/jre/classes"/>
    <property name="webdriver.chrome.driver" value="/usr/lib/chromium-browser/chromedriver"/>
    <property name="java.vendor" value="Oracle Corporation"/>
    <property name="maven.home" value="/home/giri/Integration/Mydreamstore/EMBEDDED"/>
    <property name="localRepository" value="/home/giri/.m2/repository"/>
    <property name="file.separator" value="/"/>
    <property name="java.vendor.url.bug" value="http://bugreport.sun.com/bugreport/"/>
    <property name="sun.cpu.endian" value="little"/>
    <property name="sun.io.unicode.encoding" value="UnicodeLittle"/>
    <property name="sun.desktop" value="gnome"/>
    <property name="sun.cpu.isalist" value=""/>
  </properties>
  <testcase name="GuestPrepaidCheckoutFlow" classname="Com.Scenarios.GuestCheckout" time="399.796"/>
</testsuite>