<?xml version="1.0" encoding="UTF-8"?>
<!-- Generated by org.testng.reporters.JUnitReportReporter -->
<testsuite hostname="giri-Lenovo-V110-15ISK" name="Com.Scenarios.Tesett" tests="1" failures="0" timestamp="7 Jun 2018 05:39:05 GMT" time="30.875" errors="0">
  <testcase name="tert" time="30.875" classname="Com.Scenarios.Tesett"/>
</testsuite> <!-- Com.Scenarios.Tesett -->
