<?xml version="1.0" encoding="UTF-8"?>
<!-- Generated by org.testng.reporters.JUnitReportReporter -->
<testsuite hostname="giri-Lenovo-V110-15ISK" name="Come.Scenarios.GuestCheckout" tests="1" failures="0" timestamp="1 Jun 2018 08:18:24 GMT" time="11.152" errors="0">
  <testcase name="GuestPrepaidCheckoutFlow" time="11.152" classname="Come.Scenarios.GuestCheckout"/>
</testsuite> <!-- Come.Scenarios.GuestCheckout -->
