<?xml version="1.0" encoding="UTF-8"?>
<!-- Generated by org.testng.reporters.JUnitReportReporter -->
<testsuite hostname="giri-Lenovo-V110-15ISK" name="Com.Scenarios.Tesett" tests="1" failures="0" timestamp="7 Jun 2018 09:14:38 GMT" time="33.366" errors="0">
  <testcase name="tert" time="33.366" classname="Com.Scenarios.Tesett"/>
</testsuite> <!-- Com.Scenarios.Tesett -->
