<?xml version="1.0" encoding="UTF-8"?>
<!-- Generated by org.testng.reporters.JUnitReportReporter -->
<testsuite hostname="giri-Lenovo-V110-15ISK" name="Com.Scenarios.GuestCheckout" tests="1" failures="0" timestamp="7 Jun 2018 10:15:10 GMT" time="324.637" errors="0">
  <testcase name="GuestPrepaidCheckoutFlow" time="324.637" classname="Com.Scenarios.GuestCheckout"/>
</testsuite> <!-- Com.Scenarios.GuestCheckout -->
