<?xml version="1.0" encoding="UTF-8"?>
<!-- Generated by org.testng.reporters.JUnitReportReporter -->
<testsuite hostname="giri-Lenovo-V110-15ISK" name="Com.Scenarios.Tesett" tests="1" failures="0" timestamp="5 Jun 2018 11:45:59 GMT" time="15.330" errors="0">
  <testcase name="tert" time="15.330" classname="Com.Scenarios.Tesett"/>
</testsuite> <!-- Com.Scenarios.Tesett -->
