<?xml version="1.0" encoding="UTF-8"?>
<!-- Generated by org.testng.reporters.JUnitReportReporter -->
<testsuite hostname="giri-Lenovo-V110-15ISK" name="Com.Scenarios.GuestCheckout" tests="2" failures="0" timestamp="4 Jun 2018 07:12:23 GMT" time="557.746" errors="0">
  <testcase name="GuestPrepaidCheckoutFlow" time="275.013" classname="Com.Scenarios.GuestCheckout"/>
  <testcase name="GuestCODCheckoutFlow" time="282.733" classname="Com.Scenarios.GuestCheckout"/>
</testsuite> <!-- Com.Scenarios.GuestCheckout -->
