<?xml version="1.0" encoding="UTF-8"?>
<!-- Generated by org.testng.reporters.JUnitReportReporter -->
<testsuite hostname="giri-Lenovo-V110-15ISK" name="Com.Scenarios.GuestCheckout" tests="1" failures="0" timestamp="7 Jun 2018 09:53:48 GMT" time="402.297" errors="0">
  <testcase name="GuestPrepaidCheckoutFlow" time="402.297" classname="Com.Scenarios.GuestCheckout"/>
</testsuite> <!-- Com.Scenarios.GuestCheckout -->
